[debug] [2023-03-29T13:13:44.094Z] ----------------------------------------------------------------------
[debug] [2023-03-29T13:13:44.096Z] Command:       C:\Program Files\nodejs\node.exe C:\Users\Anasxon\AppData\Roaming\npm\node_modules\firebase-tools\lib\bin\firebase.js deploy
[debug] [2023-03-29T13:13:44.096Z] CLI Version:   11.25.1
[debug] [2023-03-29T13:13:44.096Z] Platform:      win32
[debug] [2023-03-29T13:13:44.096Z] Node Version:  v16.14.2
[debug] [2023-03-29T13:13:44.098Z] Time:          Wed Mar 29 2023 22:13:44 GMT+0900 (Korean Standard Time)
[debug] [2023-03-29T13:13:44.098Z] ----------------------------------------------------------------------
[debug] 
[debug] [2023-03-29T13:13:44.276Z] > command requires scopes: ["email","openid","https://www.googleapis.com/auth/cloudplatformprojects.readonly","https://www.googleapis.com/auth/firebase","https://www.googleapis.com/auth/cloud-platform"]
[debug] [2023-03-29T13:13:44.276Z] > authorizing via signed-in user (smlife202@gmail.com)
[debug] [2023-03-29T13:13:44.276Z] [iam] checking project anaskhonprime for permissions ["firebase.projects.get","firebasehosting.sites.update"]
[debug] [2023-03-29T13:13:44.278Z] > refreshing access token with scopes: []
[debug] [2023-03-29T13:13:44.280Z] >>> [apiv2][query] POST https://www.googleapis.com/oauth2/v3/token [none]
[debug] [2023-03-29T13:13:44.280Z] >>> [apiv2][body] POST https://www.googleapis.com/oauth2/v3/token [omitted]
[debug] [2023-03-29T13:13:44.305Z] [iam] error while checking permissions, command may fail: FirebaseError: Authentication Error: Your credentials are no longer valid. Please run firebase login --reauth

For CI servers and headless environments, generate a new token with firebase login:ci
[debug] [2023-03-29T13:13:44.306Z] > refreshing access token with scopes: []
[debug] [2023-03-29T13:13:44.307Z] >>> [apiv2][query] POST https://www.googleapis.com/oauth2/v3/token [none]
[debug] [2023-03-29T13:13:44.307Z] >>> [apiv2][body] POST https://www.googleapis.com/oauth2/v3/token [omitted]
[debug] [2023-03-29T13:13:44.314Z] Authentication Error: Your credentials are no longer valid. Please run firebase login --reauth

For CI servers and headless environments, generate a new token with firebase login:ci
[debug] [2023-03-29T13:13:44.334Z] FirebaseError: Authentication Error: Your credentials are no longer valid. Please run firebase login --reauth

For CI servers and headless environments, generate a new token with firebase login:ci
    at invalidCredentialError (C:\Users\Anasxon\AppData\Roaming\npm\node_modules\firebase-tools\lib\auth.js:144:12)
    at refreshTokens (C:\Users\Anasxon\AppData\Roaming\npm\node_modules\firebase-tools\lib\auth.js:508:15)
    at processTicksAndRejections (node:internal/process/task_queues:96:5)
    at async Client.getAccessToken (C:\Users\Anasxon\AppData\Roaming\npm\node_modules\firebase-tools\lib\apiv2.js:149:23)
    at async Client.addAuthHeader (C:\Users\Anasxon\AppData\Roaming\npm\node_modules\firebase-tools\lib\apiv2.js:140:21)
    at async Client.request (C:\Users\Anasxon\AppData\Roaming\npm\node_modules\firebase-tools\lib\apiv2.js:96:34)
    at async getFirebaseProject (C:\Users\Anasxon\AppData\Roaming\npm\node_modules\firebase-tools\lib\management\projects.js:295:21)
    at async getDefaultHostingSite (C:\Users\Anasxon\AppData\Roaming\npm\node_modules\firebase-tools\lib\getDefaultHostingSite.js:10:21)
    at async requireHostingSite (C:\Users\Anasxon\AppData\Roaming\npm\node_modules\firebase-tools\lib\requireHostingSite.js:9:18)
    at async Object.fn (C:\Users\Anasxon\AppData\Roaming\npm\node_modules\firebase-tools\lib\commands\deploy.js:74:9)
    at async C:\Users\Anasxon\AppData\Roaming\npm\node_modules\firebase-tools\lib\command.js:214:17
[error] 
[error] Error: Failed to get Firebase project anaskhonprime. Please make sure the project exists and your account has permission to access it.
